<?xml version="1.0" encoding="UTF-8"?>
<!-- Generated by org.testng.reporters.JUnitReportReporter -->
<testsuite skipped="0" hostname="T4ublrlpusr093" name="scripts.CartOperTest" tests="195" failures="7" timestamp="08 Jan 2019 05:52:38 GMT" time="1013.306" errors="4">
  <testcase name="navigatetoregister" time="2.480" classname="scripts.CartOperTest"/>
  <testcase name="validateNameofBuyer" time="5.409" classname="scripts.CartOperTest"/>
  <testcase name="validateAddress" time="8.917" classname="scripts.CartOperTest"/>
  <testcase name="validateMobile" time="9.307" classname="scripts.CartOperTest"/>
  <testcase name="validateInvalidMobile" time="6.983" classname="scripts.CartOperTest"/>
  <testcase name="validatewithoutOTP" time="6.900" classname="scripts.CartOperTest"/>
  <testcase name="validatewithInvalidOTP" time="6.968" classname="scripts.CartOperTest"/>
  <testcase name="validatevillage" time="6.998" classname="scripts.CartOperTest"/>
  <testcase name="validateWithOutPinCode" time="6.966" classname="scripts.CartOperTest"/>
  <testcase name="validateWithInvalidPinCode" time="7.051" classname="scripts.CartOperTest"/>
  <testcase name="validateWithoutUserName" time="6.884" classname="scripts.CartOperTest"/>
  <testcase name="validateWithoutpwd" time="6.824" classname="scripts.CartOperTest"/>
  <testcase name="validateWithinvalidpwd" time="6.842" classname="scripts.CartOperTest"/>
  <testcase name="validateWithoutcnfmpwd" time="6.925" classname="scripts.CartOperTest"/>
  <testcase name="validateWithMismatchcnfmpwd" time="8.205" classname="scripts.CartOperTest"/>
  <testcase name="validateOtpMismatch" time="10.227" classname="scripts.CartOperTest"/>
  <testcase name="registerWithValidUser" time="22.427" classname="scripts.CartOperTest"/>
  <testcase name="verifyNameWithDB" time="0.003" classname="scripts.CartOperTest"/>
  <testcase name="verifypan" time="0.004" classname="scripts.CartOperTest"/>
  <testcase name="xvalidateMobileAlready" time="6.924" classname="scripts.CartOperTest">
    <failure type="java.lang.AssertionError" message="expected [true] but found [false]">
      <![CDATA[java.lang.AssertionError: expected [true] but found [false]
at org.testng.Assert.fail(Assert.java:96)
at org.testng.Assert.failNotEquals(Assert.java:776)
at org.testng.Assert.assertTrue(Assert.java:44)
at org.testng.Assert.assertTrue(Assert.java:54)
at generic.MainActivity.asserAlert(MainActivity.java:94)
at scripts.RegisterAsIndividual.xvalidateMobileAlready(RegisterAsIndividual.java:392)
at sun.reflect.NativeMethodAccessorImpl.invoke0(Native Method)
at sun.reflect.NativeMethodAccessorImpl.invoke(Unknown Source)
at sun.reflect.DelegatingMethodAccessorImpl.invoke(Unknown Source)
at java.lang.reflect.Method.invoke(Unknown Source)
at org.testng.internal.MethodInvocationHelper.invokeMethod(MethodInvocationHelper.java:124)
at org.testng.internal.Invoker.invokeMethod(Invoker.java:580)
at org.testng.internal.Invoker.invokeTestMethod(Invoker.java:716)
at org.testng.internal.Invoker.invokeTestMethods(Invoker.java:988)
at org.testng.internal.TestMethodWorker.invokeTestMethods(TestMethodWorker.java:125)
at org.testng.internal.TestMethodWorker.run(TestMethodWorker.java:109)
at org.testng.TestRunner.privateRun(TestRunner.java:648)
at org.testng.TestRunner.run(TestRunner.java:505)
at org.testng.SuiteRunner.runTest(SuiteRunner.java:455)
at org.testng.SuiteRunner.runSequentially(SuiteRunner.java:450)
at org.testng.SuiteRunner.privateRun(SuiteRunner.java:415)
at org.testng.SuiteRunner.run(SuiteRunner.java:364)
at org.testng.SuiteRunnerWorker.runSuite(SuiteRunnerWorker.java:52)
at org.testng.SuiteRunnerWorker.run(SuiteRunnerWorker.java:84)
at org.testng.TestNG.runSuitesSequentially(TestNG.java:1208)
at org.testng.TestNG.runSuitesLocally(TestNG.java:1137)
at org.testng.TestNG.runSuites(TestNG.java:1049)
at org.testng.TestNG.run(TestNG.java:1017)
at org.testng.remote.AbstractRemoteTestNG.run(AbstractRemoteTestNG.java:114)
at org.testng.remote.RemoteTestNG.initAndRun(RemoteTestNG.java:251)
at org.testng.remote.RemoteTestNG.main(RemoteTestNG.java:77)
]]>
    </failure>
  </testcase> <!-- xvalidateMobileAlready -->
  <testcase name="aDBSet" time="7.099" classname="scripts.CartOperTest"/>
  <testcase name="verifypincode" time="0.002" classname="scripts.CartOperTest"/>
  <testcase name="verifyMobile" time="0.003" classname="scripts.CartOperTest">
    <failure type="java.lang.AssertionError" message="expected [true] but found [false]">
      <![CDATA[java.lang.AssertionError: expected [true] but found [false]
at org.testng.Assert.fail(Assert.java:96)
at org.testng.Assert.failNotEquals(Assert.java:776)
at org.testng.Assert.assertTrue(Assert.java:44)
at org.testng.Assert.assertTrue(Assert.java:54)
at generic.MainActivity.assertActExpect(MainActivity.java:179)
at scripts.RegisterAsIndividual.verifyMobile(RegisterAsIndividual.java:378)
at sun.reflect.NativeMethodAccessorImpl.invoke0(Native Method)
at sun.reflect.NativeMethodAccessorImpl.invoke(Unknown Source)
at sun.reflect.DelegatingMethodAccessorImpl.invoke(Unknown Source)
at java.lang.reflect.Method.invoke(Unknown Source)
at org.testng.internal.MethodInvocationHelper.invokeMethod(MethodInvocationHelper.java:124)
at org.testng.internal.Invoker.invokeMethod(Invoker.java:580)
at org.testng.internal.Invoker.invokeTestMethod(Invoker.java:716)
at org.testng.internal.Invoker.invokeTestMethods(Invoker.java:988)
at org.testng.internal.TestMethodWorker.invokeTestMethods(TestMethodWorker.java:125)
at org.testng.internal.TestMethodWorker.run(TestMethodWorker.java:109)
at org.testng.TestRunner.privateRun(TestRunner.java:648)
at org.testng.TestRunner.run(TestRunner.java:505)
at org.testng.SuiteRunner.runTest(SuiteRunner.java:455)
at org.testng.SuiteRunner.runSequentially(SuiteRunner.java:450)
at org.testng.SuiteRunner.privateRun(SuiteRunner.java:415)
at org.testng.SuiteRunner.run(SuiteRunner.java:364)
at org.testng.SuiteRunnerWorker.runSuite(SuiteRunnerWorker.java:52)
at org.testng.SuiteRunnerWorker.run(SuiteRunnerWorker.java:84)
at org.testng.TestNG.runSuitesSequentially(TestNG.java:1208)
at org.testng.TestNG.runSuitesLocally(TestNG.java:1137)
at org.testng.TestNG.runSuites(TestNG.java:1049)
at org.testng.TestNG.run(TestNG.java:1017)
at org.testng.remote.AbstractRemoteTestNG.run(AbstractRemoteTestNG.java:114)
at org.testng.remote.RemoteTestNG.initAndRun(RemoteTestNG.java:251)
at org.testng.remote.RemoteTestNG.main(RemoteTestNG.java:77)
]]>
    </failure>
  </testcase> <!-- verifyMobile -->
  <testcase name="verifyAddress" time="0.002" classname="scripts.CartOperTest"/>
  <testcase name="verifygst" time="0.000" classname="scripts.CartOperTest">
    <error type="java.lang.NullPointerException">
      <![CDATA[java.lang.NullPointerException
at pages.RegisterPage.getGSTNO(RegisterPage.java:115)
at scripts.RegisterAsIndividual.verifygst(RegisterAsIndividual.java:360)
at sun.reflect.NativeMethodAccessorImpl.invoke0(Native Method)
at sun.reflect.NativeMethodAccessorImpl.invoke(Unknown Source)
at sun.reflect.DelegatingMethodAccessorImpl.invoke(Unknown Source)
at java.lang.reflect.Method.invoke(Unknown Source)
at org.testng.internal.MethodInvocationHelper.invokeMethod(MethodInvocationHelper.java:124)
at org.testng.internal.Invoker.invokeMethod(Invoker.java:580)
at org.testng.internal.Invoker.invokeTestMethod(Invoker.java:716)
at org.testng.internal.Invoker.invokeTestMethods(Invoker.java:988)
at org.testng.internal.TestMethodWorker.invokeTestMethods(TestMethodWorker.java:125)
at org.testng.internal.TestMethodWorker.run(TestMethodWorker.java:109)
at org.testng.TestRunner.privateRun(TestRunner.java:648)
at org.testng.TestRunner.run(TestRunner.java:505)
at org.testng.SuiteRunner.runTest(SuiteRunner.java:455)
at org.testng.SuiteRunner.runSequentially(SuiteRunner.java:450)
at org.testng.SuiteRunner.privateRun(SuiteRunner.java:415)
at org.testng.SuiteRunner.run(SuiteRunner.java:364)
at org.testng.SuiteRunnerWorker.runSuite(SuiteRunnerWorker.java:52)
at org.testng.SuiteRunnerWorker.run(SuiteRunnerWorker.java:84)
at org.testng.TestNG.runSuitesSequentially(TestNG.java:1208)
at org.testng.TestNG.runSuitesLocally(TestNG.java:1137)
at org.testng.TestNG.runSuites(TestNG.java:1049)
at org.testng.TestNG.run(TestNG.java:1017)
at org.testng.remote.AbstractRemoteTestNG.run(AbstractRemoteTestNG.java:114)
at org.testng.remote.RemoteTestNG.initAndRun(RemoteTestNG.java:251)
at org.testng.remote.RemoteTestNG.main(RemoteTestNG.java:77)
]]>
    </error>
  </testcase> <!-- verifygst -->
  <testcase name="zNavigateToLogin" time="2.726" classname="scripts.CartOperTest"/>
  <testcase name="verifyvillage" time="0.001" classname="scripts.CartOperTest"/>
  <testcase name="yvalidateUsernameAlready" time="5.291" classname="scripts.CartOperTest">
    <error type="org.openqa.selenium.NoSuchElementException" message="no such element: Unable to locate element: {&quot;method&quot;:&quot;id&quot;,&quot;selector&quot;:&quot;buyer&quot;}
  (Session info: chrome=71.0.3578.98)
  (Driver info: chromedriver=2.42.591088 (7b2b2dca23cca0862f674758c9a3933e685c27d5),platform=Windows NT 10.0.16299 x86_64) (WARNING: The server did not provide any stacktrace information)
Command duration or timeout: 0 milliseconds
For documentation on this error, please visit: http://seleniumhq.org/exceptions/no_such_element.html
Build info: version: &#039;3.14.0&#039;, revision: &#039;aacccce0&#039;, time: &#039;2018-08-02T20:13:22.693Z&#039;
System info: host: &#039;T4UBLRLPUSR093&#039;, ip: &#039;172.16.2.150&#039;, os.name: &#039;Windows 10&#039;, os.arch: &#039;amd64&#039;, os.version: &#039;10.0&#039;, java.version: &#039;1.8.0_181&#039;
Driver info: org.openqa.selenium.chrome.ChromeDriver
Capabilities {acceptInsecureCerts: false, acceptSslCerts: false, applicationCacheEnabled: false, browserConnectionEnabled: false, browserName: chrome, chrome: {chromedriverVersion: 2.42.591088 (7b2b2dca23cca0..., userDataDir: C:\Users\CGN04\AppData\Loca...}, cssSelectorsEnabled: true, databaseEnabled: false, goog:chromeOptions: {debuggerAddress: localhost:50330}, handlesAlerts: true, hasTouchScreen: false, javascriptEnabled: true, locationContextEnabled: true, mobileEmulationEnabled: false, nativeEvents: true, networkConnectionEnabled: false, pageLoadStrategy: normal, platform: XP, platformName: XP, rotatable: false, setWindowRect: true, takesHeapSnapshot: true, takesScreenshot: true, unexpectedAlertBehaviour: , unhandledPromptBehavior: , version: 71.0.3578.98, webStorageEnabled: true}
Session ID: cc0466ccc09231b2a68270147c933448
*** Element info: {Using=id, value=buyer}">
      <![CDATA[org.openqa.selenium.NoSuchElementException: no such element: Unable to locate element: {"method":"id","selector":"buyer"}
  (Session info: chrome=71.0.3578.98)
  (Driver info: chromedriver=2.42.591088 (7b2b2dca23cca0862f674758c9a3933e685c27d5),platform=Windows NT 10.0.16299 x86_64) (WARNING: The server did not provide any stacktrace information)
Command duration or timeout: 0 milliseconds
For documentation on this error, please visit: http://seleniumhq.org/exceptions/no_such_element.html
Build info: version: '3.14.0', revision: 'aacccce0', time: '2018-08-02T20:13:22.693Z'
System info: host: 'T4UBLRLPUSR093', ip: '172.16.2.150', os.name: 'Windows 10', os.arch: 'amd64', os.version: '10.0', java.version: '1.8.0_181'
Driver info: org.openqa.selenium.chrome.ChromeDriver
Capabilities {acceptInsecureCerts: false, acceptSslCerts: false, applicationCacheEnabled: false, browserConnectionEnabled: false, browserName: chrome, chrome: {chromedriverVersion: 2.42.591088 (7b2b2dca23cca0..., userDataDir: C:\Users\CGN04\AppData\Loca...}, cssSelectorsEnabled: true, databaseEnabled: false, goog:chromeOptions: {debuggerAddress: localhost:50330}, handlesAlerts: true, hasTouchScreen: false, javascriptEnabled: true, locationContextEnabled: true, mobileEmulationEnabled: false, nativeEvents: true, networkConnectionEnabled: false, pageLoadStrategy: normal, platform: XP, platformName: XP, rotatable: false, setWindowRect: true, takesHeapSnapshot: true, takesScreenshot: true, unexpectedAlertBehaviour: , unhandledPromptBehavior: , version: 71.0.3578.98, webStorageEnabled: true}
Session ID: cc0466ccc09231b2a68270147c933448
*** Element info: {Using=id, value=buyer}
at sun.reflect.NativeConstructorAccessorImpl.newInstance0(Native Method)
at sun.reflect.NativeConstructorAccessorImpl.newInstance(Unknown Source)
at sun.reflect.DelegatingConstructorAccessorImpl.newInstance(Unknown Source)
at java.lang.reflect.Constructor.newInstance(Unknown Source)
at org.openqa.selenium.remote.ErrorHandler.createThrowable(ErrorHandler.java:214)
at org.openqa.selenium.remote.ErrorHandler.throwIfResponseFailed(ErrorHandler.java:166)
at org.openqa.selenium.remote.http.JsonHttpResponseCodec.reconstructValue(JsonHttpResponseCodec.java:40)
at org.openqa.selenium.remote.http.AbstractHttpResponseCodec.decode(AbstractHttpResponseCodec.java:80)
at org.openqa.selenium.remote.http.AbstractHttpResponseCodec.decode(AbstractHttpResponseCodec.java:44)
at org.openqa.selenium.remote.HttpCommandExecutor.execute(HttpCommandExecutor.java:158)
at org.openqa.selenium.remote.service.DriverCommandExecutor.execute(DriverCommandExecutor.java:83)
at org.openqa.selenium.remote.RemoteWebDriver.execute(RemoteWebDriver.java:548)
at org.openqa.selenium.remote.RemoteWebDriver.findElement(RemoteWebDriver.java:322)
at org.openqa.selenium.remote.RemoteWebDriver.findElementById(RemoteWebDriver.java:368)
at org.openqa.selenium.By$ById.findElement(By.java:188)
at org.openqa.selenium.remote.RemoteWebDriver.findElement(RemoteWebDriver.java:314)
at org.openqa.selenium.support.pagefactory.DefaultElementLocator.findElement(DefaultElementLocator.java:69)
at org.openqa.selenium.support.pagefactory.internal.LocatingElementHandler.invoke(LocatingElementHandler.java:38)
at com.sun.proxy.$Proxy13.clear(Unknown Source)
at generic.MainActivity.sendKey(MainActivity.java:57)
at scripts.RegisterAsIndividual.yvalidateUsernameAlready(RegisterAsIndividual.java:399)
at sun.reflect.NativeMethodAccessorImpl.invoke0(Native Method)
at sun.reflect.NativeMethodAccessorImpl.invoke(Unknown Source)
at sun.reflect.DelegatingMethodAccessorImpl.invoke(Unknown Source)
at java.lang.reflect.Method.invoke(Unknown Source)
at org.testng.internal.MethodInvocationHelper.invokeMethod(MethodInvocationHelper.java:124)
at org.testng.internal.Invoker.invokeMethod(Invoker.java:580)
at org.testng.internal.Invoker.invokeTestMethod(Invoker.java:716)
at org.testng.internal.Invoker.invokeTestMethods(Invoker.java:988)
at org.testng.internal.TestMethodWorker.invokeTestMethods(TestMethodWorker.java:125)
at org.testng.internal.TestMethodWorker.run(TestMethodWorker.java:109)
at org.testng.TestRunner.privateRun(TestRunner.java:648)
at org.testng.TestRunner.run(TestRunner.java:505)
at org.testng.SuiteRunner.runTest(SuiteRunner.java:455)
at org.testng.SuiteRunner.runSequentially(SuiteRunner.java:450)
at org.testng.SuiteRunner.privateRun(SuiteRunner.java:415)
at org.testng.SuiteRunner.run(SuiteRunner.java:364)
at org.testng.SuiteRunnerWorker.runSuite(SuiteRunnerWorker.java:52)
at org.testng.SuiteRunnerWorker.run(SuiteRunnerWorker.java:84)
at org.testng.TestNG.runSuitesSequentially(TestNG.java:1208)
at org.testng.TestNG.runSuitesLocally(TestNG.java:1137)
at org.testng.TestNG.runSuites(TestNG.java:1049)
at org.testng.TestNG.run(TestNG.java:1017)
at org.testng.remote.AbstractRemoteTestNG.run(AbstractRemoteTestNG.java:114)
at org.testng.remote.RemoteTestNG.initAndRun(RemoteTestNG.java:251)
at org.testng.remote.RemoteTestNG.main(RemoteTestNG.java:77)
]]>
    </error>
  </testcase> <!-- yvalidateUsernameAlready -->
  <testcase name="wNavigateToRegister" time="2.387" classname="scripts.CartOperTest"/>
  <testcase name="verifyUser" time="0.003" classname="scripts.CartOperTest"/>
  <testcase name="verifyemail" time="0.002" classname="scripts.CartOperTest"/>
  <testcase name="navigateToForgotPwd" time="5.263" classname="scripts.CartOperTest"/>
  <testcase name="forgotPasswordwithoutUserName" time="5.550" classname="scripts.CartOperTest"/>
  <testcase name="forgotPasswordwithoutNum" time="6.877" classname="scripts.CartOperTest"/>
  <testcase name="forgotPasswordwithInvalidMobile" time="8.343" classname="scripts.CartOperTest"/>
  <testcase name="forgotPasswordwithInvaliddata" time="11.741" classname="scripts.CartOperTest">
    <error type="org.openqa.selenium.NoSuchElementException" message="no such element: Unable to locate element: {&quot;method&quot;:&quot;xpath&quot;,&quot;selector&quot;:&quot;//*[@class=&#039;swal-text&#039;]&quot;}
  (Session info: chrome=71.0.3578.98)
  (Driver info: chromedriver=2.42.591088 (7b2b2dca23cca0862f674758c9a3933e685c27d5),platform=Windows NT 10.0.16299 x86_64) (WARNING: The server did not provide any stacktrace information)
Command duration or timeout: 0 milliseconds
For documentation on this error, please visit: http://seleniumhq.org/exceptions/no_such_element.html
Build info: version: &#039;3.14.0&#039;, revision: &#039;aacccce0&#039;, time: &#039;2018-08-02T20:13:22.693Z&#039;
System info: host: &#039;T4UBLRLPUSR093&#039;, ip: &#039;172.16.2.150&#039;, os.name: &#039;Windows 10&#039;, os.arch: &#039;amd64&#039;, os.version: &#039;10.0&#039;, java.version: &#039;1.8.0_181&#039;
Driver info: org.openqa.selenium.chrome.ChromeDriver
Capabilities {acceptInsecureCerts: false, acceptSslCerts: false, applicationCacheEnabled: false, browserConnectionEnabled: false, browserName: chrome, chrome: {chromedriverVersion: 2.42.591088 (7b2b2dca23cca0..., userDataDir: C:\Users\CGN04\AppData\Loca...}, cssSelectorsEnabled: true, databaseEnabled: false, goog:chromeOptions: {debuggerAddress: localhost:50330}, handlesAlerts: true, hasTouchScreen: false, javascriptEnabled: true, locationContextEnabled: true, mobileEmulationEnabled: false, nativeEvents: true, networkConnectionEnabled: false, pageLoadStrategy: normal, platform: XP, platformName: XP, rotatable: false, setWindowRect: true, takesHeapSnapshot: true, takesScreenshot: true, unexpectedAlertBehaviour: , unhandledPromptBehavior: , version: 71.0.3578.98, webStorageEnabled: true}
Session ID: cc0466ccc09231b2a68270147c933448
*** Element info: {Using=xpath, value=//*[@class=&#039;swal-text&#039;]}">
      <![CDATA[org.openqa.selenium.NoSuchElementException: no such element: Unable to locate element: {"method":"xpath","selector":"//*[@class='swal-text']"}
  (Session info: chrome=71.0.3578.98)
  (Driver info: chromedriver=2.42.591088 (7b2b2dca23cca0862f674758c9a3933e685c27d5),platform=Windows NT 10.0.16299 x86_64) (WARNING: The server did not provide any stacktrace information)
Command duration or timeout: 0 milliseconds
For documentation on this error, please visit: http://seleniumhq.org/exceptions/no_such_element.html
Build info: version: '3.14.0', revision: 'aacccce0', time: '2018-08-02T20:13:22.693Z'
System info: host: 'T4UBLRLPUSR093', ip: '172.16.2.150', os.name: 'Windows 10', os.arch: 'amd64', os.version: '10.0', java.version: '1.8.0_181'
Driver info: org.openqa.selenium.chrome.ChromeDriver
Capabilities {acceptInsecureCerts: false, acceptSslCerts: false, applicationCacheEnabled: false, browserConnectionEnabled: false, browserName: chrome, chrome: {chromedriverVersion: 2.42.591088 (7b2b2dca23cca0..., userDataDir: C:\Users\CGN04\AppData\Loca...}, cssSelectorsEnabled: true, databaseEnabled: false, goog:chromeOptions: {debuggerAddress: localhost:50330}, handlesAlerts: true, hasTouchScreen: false, javascriptEnabled: true, locationContextEnabled: true, mobileEmulationEnabled: false, nativeEvents: true, networkConnectionEnabled: false, pageLoadStrategy: normal, platform: XP, platformName: XP, rotatable: false, setWindowRect: true, takesHeapSnapshot: true, takesScreenshot: true, unexpectedAlertBehaviour: , unhandledPromptBehavior: , version: 71.0.3578.98, webStorageEnabled: true}
Session ID: cc0466ccc09231b2a68270147c933448
*** Element info: {Using=xpath, value=//*[@class='swal-text']}
at sun.reflect.NativeConstructorAccessorImpl.newInstance0(Native Method)
at sun.reflect.NativeConstructorAccessorImpl.newInstance(Unknown Source)
at sun.reflect.DelegatingConstructorAccessorImpl.newInstance(Unknown Source)
at java.lang.reflect.Constructor.newInstance(Unknown Source)
at org.openqa.selenium.remote.ErrorHandler.createThrowable(ErrorHandler.java:214)
at org.openqa.selenium.remote.ErrorHandler.throwIfResponseFailed(ErrorHandler.java:166)
at org.openqa.selenium.remote.http.JsonHttpResponseCodec.reconstructValue(JsonHttpResponseCodec.java:40)
at org.openqa.selenium.remote.http.AbstractHttpResponseCodec.decode(AbstractHttpResponseCodec.java:80)
at org.openqa.selenium.remote.http.AbstractHttpResponseCodec.decode(AbstractHttpResponseCodec.java:44)
at org.openqa.selenium.remote.HttpCommandExecutor.execute(HttpCommandExecutor.java:158)
at org.openqa.selenium.remote.service.DriverCommandExecutor.execute(DriverCommandExecutor.java:83)
at org.openqa.selenium.remote.RemoteWebDriver.execute(RemoteWebDriver.java:548)
at org.openqa.selenium.remote.RemoteWebDriver.findElement(RemoteWebDriver.java:322)
at org.openqa.selenium.remote.RemoteWebDriver.findElementByXPath(RemoteWebDriver.java:424)
at org.openqa.selenium.By$ByXPath.findElement(By.java:353)
at org.openqa.selenium.remote.RemoteWebDriver.findElement(RemoteWebDriver.java:314)
at org.openqa.selenium.support.pagefactory.DefaultElementLocator.findElement(DefaultElementLocator.java:69)
at org.openqa.selenium.support.pagefactory.internal.LocatingElementHandler.invoke(LocatingElementHandler.java:38)
at com.sun.proxy.$Proxy13.getText(Unknown Source)
at generic.MainActivity.getAlertText(MainActivity.java:261)
at generic.MainActivity.asserAlert(MainActivity.java:90)
at scripts.ForgotPassword.forgotPasswordwithInvaliddata(ForgotPassword.java:73)
at sun.reflect.NativeMethodAccessorImpl.invoke0(Native Method)
at sun.reflect.NativeMethodAccessorImpl.invoke(Unknown Source)
at sun.reflect.DelegatingMethodAccessorImpl.invoke(Unknown Source)
at java.lang.reflect.Method.invoke(Unknown Source)
at org.testng.internal.MethodInvocationHelper.invokeMethod(MethodInvocationHelper.java:124)
at org.testng.internal.Invoker.invokeMethod(Invoker.java:580)
at org.testng.internal.Invoker.invokeTestMethod(Invoker.java:716)
at org.testng.internal.Invoker.invokeTestMethods(Invoker.java:988)
at org.testng.internal.TestMethodWorker.invokeTestMethods(TestMethodWorker.java:125)
at org.testng.internal.TestMethodWorker.run(TestMethodWorker.java:109)
at org.testng.TestRunner.privateRun(TestRunner.java:648)
at org.testng.TestRunner.run(TestRunner.java:505)
at org.testng.SuiteRunner.runTest(SuiteRunner.java:455)
at org.testng.SuiteRunner.runSequentially(SuiteRunner.java:450)
at org.testng.SuiteRunner.privateRun(SuiteRunner.java:415)
at org.testng.SuiteRunner.run(SuiteRunner.java:364)
at org.testng.SuiteRunnerWorker.runSuite(SuiteRunnerWorker.java:52)
at org.testng.SuiteRunnerWorker.run(SuiteRunnerWorker.java:84)
at org.testng.TestNG.runSuitesSequentially(TestNG.java:1208)
at org.testng.TestNG.runSuitesLocally(TestNG.java:1137)
at org.testng.TestNG.runSuites(TestNG.java:1049)
at org.testng.TestNG.run(TestNG.java:1017)
at org.testng.remote.AbstractRemoteTestNG.run(AbstractRemoteTestNG.java:114)
at org.testng.remote.RemoteTestNG.initAndRun(RemoteTestNG.java:251)
at org.testng.remote.RemoteTestNG.main(RemoteTestNG.java:77)
]]>
    </error>
  </testcase> <!-- forgotPasswordwithInvaliddata -->
  <testcase name="forgotPasswordwithValidData" time="4.895" classname="scripts.CartOperTest"/>
  <testcase name="forgotPasswordwithoutOTP" time="8.614" classname="scripts.CartOperTest"/>
  <testcase name="forgotPasswordwithInvalidOTP" time="7.010" classname="scripts.CartOperTest">
    <failure type="java.lang.AssertionError" message="expected [true] but found [false]">
      <![CDATA[java.lang.AssertionError: expected [true] but found [false]
at org.testng.Assert.fail(Assert.java:96)
at org.testng.Assert.failNotEquals(Assert.java:776)
at org.testng.Assert.assertTrue(Assert.java:44)
at org.testng.Assert.assertTrue(Assert.java:54)
at generic.MainActivity.asserAlert(MainActivity.java:94)
at scripts.ForgotPassword.forgotPasswordwithInvalidOTP(ForgotPassword.java:99)
at sun.reflect.NativeMethodAccessorImpl.invoke0(Native Method)
at sun.reflect.NativeMethodAccessorImpl.invoke(Unknown Source)
at sun.reflect.DelegatingMethodAccessorImpl.invoke(Unknown Source)
at java.lang.reflect.Method.invoke(Unknown Source)
at org.testng.internal.MethodInvocationHelper.invokeMethod(MethodInvocationHelper.java:124)
at org.testng.internal.Invoker.invokeMethod(Invoker.java:580)
at org.testng.internal.Invoker.invokeTestMethod(Invoker.java:716)
at org.testng.internal.Invoker.invokeTestMethods(Invoker.java:988)
at org.testng.internal.TestMethodWorker.invokeTestMethods(TestMethodWorker.java:125)
at org.testng.internal.TestMethodWorker.run(TestMethodWorker.java:109)
at org.testng.TestRunner.privateRun(TestRunner.java:648)
at org.testng.TestRunner.run(TestRunner.java:505)
at org.testng.SuiteRunner.runTest(SuiteRunner.java:455)
at org.testng.SuiteRunner.runSequentially(SuiteRunner.java:450)
at org.testng.SuiteRunner.privateRun(SuiteRunner.java:415)
at org.testng.SuiteRunner.run(SuiteRunner.java:364)
at org.testng.SuiteRunnerWorker.runSuite(SuiteRunnerWorker.java:52)
at org.testng.SuiteRunnerWorker.run(SuiteRunnerWorker.java:84)
at org.testng.TestNG.runSuitesSequentially(TestNG.java:1208)
at org.testng.TestNG.runSuitesLocally(TestNG.java:1137)
at org.testng.TestNG.runSuites(TestNG.java:1049)
at org.testng.TestNG.run(TestNG.java:1017)
at org.testng.remote.AbstractRemoteTestNG.run(AbstractRemoteTestNG.java:114)
at org.testng.remote.RemoteTestNG.initAndRun(RemoteTestNG.java:251)
at org.testng.remote.RemoteTestNG.main(RemoteTestNG.java:77)
]]>
    </failure>
  </testcase> <!-- forgotPasswordwithInvalidOTP -->
  <testcase name="forgotPasswordwithoutPWD" time="7.395" classname="scripts.CartOperTest"/>
  <testcase name="forgotPasswordwithinvalidPWD" time="8.179" classname="scripts.CartOperTest"/>
  <testcase name="forgotPasswordwithoutCnfmPWD" time="8.258" classname="scripts.CartOperTest"/>
  <testcase name="forgotPasswordwithMissmatchPWD" time="9.690" classname="scripts.CartOperTest"/>
  <testcase name="forgotPasswordwithWrongOTP" time="12.510" classname="scripts.CartOperTest">
    <error type="org.openqa.selenium.NoSuchElementException" message="no such element: Unable to locate element: {&quot;method&quot;:&quot;xpath&quot;,&quot;selector&quot;:&quot;//*[@class=&#039;swal-text&#039;]&quot;}
  (Session info: chrome=71.0.3578.98)
  (Driver info: chromedriver=2.42.591088 (7b2b2dca23cca0862f674758c9a3933e685c27d5),platform=Windows NT 10.0.16299 x86_64) (WARNING: The server did not provide any stacktrace information)
Command duration or timeout: 0 milliseconds
For documentation on this error, please visit: http://seleniumhq.org/exceptions/no_such_element.html
Build info: version: &#039;3.14.0&#039;, revision: &#039;aacccce0&#039;, time: &#039;2018-08-02T20:13:22.693Z&#039;
System info: host: &#039;T4UBLRLPUSR093&#039;, ip: &#039;172.16.2.150&#039;, os.name: &#039;Windows 10&#039;, os.arch: &#039;amd64&#039;, os.version: &#039;10.0&#039;, java.version: &#039;1.8.0_181&#039;
Driver info: org.openqa.selenium.chrome.ChromeDriver
Capabilities {acceptInsecureCerts: false, acceptSslCerts: false, applicationCacheEnabled: false, browserConnectionEnabled: false, browserName: chrome, chrome: {chromedriverVersion: 2.42.591088 (7b2b2dca23cca0..., userDataDir: C:\Users\CGN04\AppData\Loca...}, cssSelectorsEnabled: true, databaseEnabled: false, goog:chromeOptions: {debuggerAddress: localhost:50330}, handlesAlerts: true, hasTouchScreen: false, javascriptEnabled: true, locationContextEnabled: true, mobileEmulationEnabled: false, nativeEvents: true, networkConnectionEnabled: false, pageLoadStrategy: normal, platform: XP, platformName: XP, rotatable: false, setWindowRect: true, takesHeapSnapshot: true, takesScreenshot: true, unexpectedAlertBehaviour: , unhandledPromptBehavior: , version: 71.0.3578.98, webStorageEnabled: true}
Session ID: cc0466ccc09231b2a68270147c933448
*** Element info: {Using=xpath, value=//*[@class=&#039;swal-text&#039;]}">
      <![CDATA[org.openqa.selenium.NoSuchElementException: no such element: Unable to locate element: {"method":"xpath","selector":"//*[@class='swal-text']"}
  (Session info: chrome=71.0.3578.98)
  (Driver info: chromedriver=2.42.591088 (7b2b2dca23cca0862f674758c9a3933e685c27d5),platform=Windows NT 10.0.16299 x86_64) (WARNING: The server did not provide any stacktrace information)
Command duration or timeout: 0 milliseconds
For documentation on this error, please visit: http://seleniumhq.org/exceptions/no_such_element.html
Build info: version: '3.14.0', revision: 'aacccce0', time: '2018-08-02T20:13:22.693Z'
System info: host: 'T4UBLRLPUSR093', ip: '172.16.2.150', os.name: 'Windows 10', os.arch: 'amd64', os.version: '10.0', java.version: '1.8.0_181'
Driver info: org.openqa.selenium.chrome.ChromeDriver
Capabilities {acceptInsecureCerts: false, acceptSslCerts: false, applicationCacheEnabled: false, browserConnectionEnabled: false, browserName: chrome, chrome: {chromedriverVersion: 2.42.591088 (7b2b2dca23cca0..., userDataDir: C:\Users\CGN04\AppData\Loca...}, cssSelectorsEnabled: true, databaseEnabled: false, goog:chromeOptions: {debuggerAddress: localhost:50330}, handlesAlerts: true, hasTouchScreen: false, javascriptEnabled: true, locationContextEnabled: true, mobileEmulationEnabled: false, nativeEvents: true, networkConnectionEnabled: false, pageLoadStrategy: normal, platform: XP, platformName: XP, rotatable: false, setWindowRect: true, takesHeapSnapshot: true, takesScreenshot: true, unexpectedAlertBehaviour: , unhandledPromptBehavior: , version: 71.0.3578.98, webStorageEnabled: true}
Session ID: cc0466ccc09231b2a68270147c933448
*** Element info: {Using=xpath, value=//*[@class='swal-text']}
at sun.reflect.NativeConstructorAccessorImpl.newInstance0(Native Method)
at sun.reflect.NativeConstructorAccessorImpl.newInstance(Unknown Source)
at sun.reflect.DelegatingConstructorAccessorImpl.newInstance(Unknown Source)
at java.lang.reflect.Constructor.newInstance(Unknown Source)
at org.openqa.selenium.remote.ErrorHandler.createThrowable(ErrorHandler.java:214)
at org.openqa.selenium.remote.ErrorHandler.throwIfResponseFailed(ErrorHandler.java:166)
at org.openqa.selenium.remote.http.JsonHttpResponseCodec.reconstructValue(JsonHttpResponseCodec.java:40)
at org.openqa.selenium.remote.http.AbstractHttpResponseCodec.decode(AbstractHttpResponseCodec.java:80)
at org.openqa.selenium.remote.http.AbstractHttpResponseCodec.decode(AbstractHttpResponseCodec.java:44)
at org.openqa.selenium.remote.HttpCommandExecutor.execute(HttpCommandExecutor.java:158)
at org.openqa.selenium.remote.service.DriverCommandExecutor.execute(DriverCommandExecutor.java:83)
at org.openqa.selenium.remote.RemoteWebDriver.execute(RemoteWebDriver.java:548)
at org.openqa.selenium.remote.RemoteWebDriver.findElement(RemoteWebDriver.java:322)
at org.openqa.selenium.remote.RemoteWebDriver.findElementByXPath(RemoteWebDriver.java:424)
at org.openqa.selenium.By$ByXPath.findElement(By.java:353)
at org.openqa.selenium.remote.RemoteWebDriver.findElement(RemoteWebDriver.java:314)
at org.openqa.selenium.support.pagefactory.DefaultElementLocator.findElement(DefaultElementLocator.java:69)
at org.openqa.selenium.support.pagefactory.internal.LocatingElementHandler.invoke(LocatingElementHandler.java:38)
at com.sun.proxy.$Proxy13.getText(Unknown Source)
at generic.MainActivity.getAlertText(MainActivity.java:261)
at generic.MainActivity.asserAlert(MainActivity.java:90)
at scripts.ForgotPassword.forgotPasswordwithWrongOTP(ForgotPassword.java:162)
at sun.reflect.NativeMethodAccessorImpl.invoke0(Native Method)
at sun.reflect.NativeMethodAccessorImpl.invoke(Unknown Source)
at sun.reflect.DelegatingMethodAccessorImpl.invoke(Unknown Source)
at java.lang.reflect.Method.invoke(Unknown Source)
at org.testng.internal.MethodInvocationHelper.invokeMethod(MethodInvocationHelper.java:124)
at org.testng.internal.Invoker.invokeMethod(Invoker.java:580)
at org.testng.internal.Invoker.invokeTestMethod(Invoker.java:716)
at org.testng.internal.Invoker.invokeTestMethods(Invoker.java:988)
at org.testng.internal.TestMethodWorker.invokeTestMethods(TestMethodWorker.java:125)
at org.testng.internal.TestMethodWorker.run(TestMethodWorker.java:109)
at org.testng.TestRunner.privateRun(TestRunner.java:648)
at org.testng.TestRunner.run(TestRunner.java:505)
at org.testng.SuiteRunner.runTest(SuiteRunner.java:455)
at org.testng.SuiteRunner.runSequentially(SuiteRunner.java:450)
at org.testng.SuiteRunner.privateRun(SuiteRunner.java:415)
at org.testng.SuiteRunner.run(SuiteRunner.java:364)
at org.testng.SuiteRunnerWorker.runSuite(SuiteRunnerWorker.java:52)
at org.testng.SuiteRunnerWorker.run(SuiteRunnerWorker.java:84)
at org.testng.TestNG.runSuitesSequentially(TestNG.java:1208)
at org.testng.TestNG.runSuitesLocally(TestNG.java:1137)
at org.testng.TestNG.runSuites(TestNG.java:1049)
at org.testng.TestNG.run(TestNG.java:1017)
at org.testng.remote.AbstractRemoteTestNG.run(AbstractRemoteTestNG.java:114)
at org.testng.remote.RemoteTestNG.initAndRun(RemoteTestNG.java:251)
at org.testng.remote.RemoteTestNG.main(RemoteTestNG.java:77)
]]>
    </error>
  </testcase> <!-- forgotPasswordwithWrongOTP -->
  <testcase name="forgotPasswordwithAllValidDATA" time="14.764" classname="scripts.CartOperTest"/>
  <testcase name="loginWithoutInput" time="10.606" classname="scripts.CartOperTest"/>
  <testcase name="loginWithUsername" time="5.993" classname="scripts.CartOperTest"/>
  <testcase name="loginWithPwd" time="5.915" classname="scripts.CartOperTest"/>
  <testcase name="validCredential" time="5.345" classname="scripts.CartOperTest"/>
  <testcase name="validateLocationTypoHead" time="2.674" classname="scripts.CartOperTest"/>
  <testcase name="validateWithoutDistrict" time="5.573" classname="scripts.CartOperTest"/>
  <testcase name="validateWithoutStoskYard" time="7.565" classname="scripts.CartOperTest"/>
  <testcase name="validateWithoutQTY" time="15.963" classname="scripts.CartOperTest"/>
  <testcase name="validateDistrict" time="1.272" classname="scripts.CartOperTest"/>
  <testcase name="validateStockyard" time="20.461" classname="scripts.CartOperTest"/>
  <testcase name="validateAvailableStock_and_uniPrice" time="13.212" classname="scripts.CartOperTest"/>
  <testcase name="valdtBookingForm" time="1.832" classname="scripts.CartOperTest"/>
  <testcase name="valdtBookingForm" time="1.793" classname="scripts.CartOperTest"/>
  <testcase name="valdtBookingForm" time="1.792" classname="scripts.CartOperTest"/>
  <testcase name="valdtBookingForm" time="1.804" classname="scripts.CartOperTest"/>
  <testcase name="valdtBookingForm" time="1.794" classname="scripts.CartOperTest"/>
  <testcase name="valdtBookingForm" time="1.774" classname="scripts.CartOperTest"/>
  <testcase name="valdtBookingForm" time="1.777" classname="scripts.CartOperTest"/>
  <testcase name="valdtBookingForm" time="1.836" classname="scripts.CartOperTest"/>
  <testcase name="valdtBookingForm" time="1.801" classname="scripts.CartOperTest"/>
  <testcase name="exeedUserlimit" time="1.236" classname="scripts.CartOperTest"/>
  <testcase name="dValidatePrice" time="0.175" classname="scripts.CartOperTest"/>
  <testcase name="zReset" time="0.297" classname="scripts.CartOperTest"/>
  <testcase name="checktotalQty" time="0.096" classname="scripts.CartOperTest"/>
  <testcase name="vlidtBookFrm" time="4.120" classname="scripts.CartOperTest"/>
  <testcase name="vlidtBookFrm" time="4.162" classname="scripts.CartOperTest"/>
  <testcase name="vlidtBookFrm" time="4.102" classname="scripts.CartOperTest"/>
  <testcase name="vlidtBookFrm" time="4.133" classname="scripts.CartOperTest"/>
  <testcase name="vlidtBookFrm" time="4.140" classname="scripts.CartOperTest"/>
  <testcase name="vlidtBookFrm" time="4.147" classname="scripts.CartOperTest"/>
  <testcase name="vlidtBookFrm" time="4.109" classname="scripts.CartOperTest"/>
  <testcase name="vlidtBookFrm" time="4.120" classname="scripts.CartOperTest"/>
  <testcase name="vlidtBookFrm" time="1.777" classname="scripts.CartOperTest"/>
  <testcase name="navigateToReviewBooking" time="3.627" classname="scripts.CartOperTest"/>
  <testcase name="aCheckQty" time="2.113" classname="scripts.CartOperTest"/>
  <testcase name="aCheckPrices" time="2.167" classname="scripts.CartOperTest"/>
  <testcase name="validateRBWithoutLocation" time="5.622" classname="scripts.CartOperTest"/>
  <testcase name="validateRBWithoutAltnatMobile" time="8.475" classname="scripts.CartOperTest"/>
  <testcase name="validateRBInvalidAltnatMobile" time="9.645" classname="scripts.CartOperTest"/>
  <testcase name="validateRBWithValidData" time="6.800" classname="scripts.CartOperTest"/>
  <testcase name="validateStockYardinCP" time="0.095" classname="scripts.CartOperTest"/>
  <testcase name="validateUnitPriceinCP" time="0.055" classname="scripts.CartOperTest"/>
  <testcase name="validateTotalQtyinCP" time="0.091" classname="scripts.CartOperTest"/>
  <testcase name="validateTotalPriceinCP" time="0.082" classname="scripts.CartOperTest"/>
  <testcase name="validateGstinCP" time="0.088" classname="scripts.CartOperTest"/>
  <testcase name="validateTotalPayableinCP" time="0.077" classname="scripts.CartOperTest"/>
  <testcase name="checkReviewBookingBackward" time="0.369" classname="scripts.CartOperTest">
    <failure type="java.lang.AssertionError" message="expected [1, Mahatma Gandhi Main Road, Upper Bazar, Ranchi, Jharkhand] but found [2345678909]">
      <![CDATA[java.lang.AssertionError: expected [1, Mahatma Gandhi Main Road, Upper Bazar, Ranchi, Jharkhand] but found [2345678909]
at org.testng.Assert.fail(Assert.java:96)
at org.testng.Assert.failNotEquals(Assert.java:776)
at org.testng.Assert.assertEqualsImpl(Assert.java:137)
at org.testng.Assert.assertEquals(Assert.java:118)
at org.testng.Assert.assertEquals(Assert.java:453)
at org.testng.Assert.assertEquals(Assert.java:463)
at scripts.ConsumerModel.checkReviewBookingBackward(ConsumerModel.java:435)
at sun.reflect.NativeMethodAccessorImpl.invoke0(Native Method)
at sun.reflect.NativeMethodAccessorImpl.invoke(Unknown Source)
at sun.reflect.DelegatingMethodAccessorImpl.invoke(Unknown Source)
at java.lang.reflect.Method.invoke(Unknown Source)
at org.testng.internal.MethodInvocationHelper.invokeMethod(MethodInvocationHelper.java:124)
at org.testng.internal.Invoker.invokeMethod(Invoker.java:580)
at org.testng.internal.Invoker.invokeTestMethod(Invoker.java:716)
at org.testng.internal.Invoker.invokeTestMethods(Invoker.java:988)
at org.testng.internal.TestMethodWorker.invokeTestMethods(TestMethodWorker.java:125)
at org.testng.internal.TestMethodWorker.run(TestMethodWorker.java:109)
at org.testng.TestRunner.privateRun(TestRunner.java:648)
at org.testng.TestRunner.run(TestRunner.java:505)
at org.testng.SuiteRunner.runTest(SuiteRunner.java:455)
at org.testng.SuiteRunner.runSequentially(SuiteRunner.java:450)
at org.testng.SuiteRunner.privateRun(SuiteRunner.java:415)
at org.testng.SuiteRunner.run(SuiteRunner.java:364)
at org.testng.SuiteRunnerWorker.runSuite(SuiteRunnerWorker.java:52)
at org.testng.SuiteRunnerWorker.run(SuiteRunnerWorker.java:84)
at org.testng.TestNG.runSuitesSequentially(TestNG.java:1208)
at org.testng.TestNG.runSuitesLocally(TestNG.java:1137)
at org.testng.TestNG.runSuites(TestNG.java:1049)
at org.testng.TestNG.run(TestNG.java:1017)
at org.testng.remote.AbstractRemoteTestNG.run(AbstractRemoteTestNG.java:114)
at org.testng.remote.RemoteTestNG.initAndRun(RemoteTestNG.java:251)
at org.testng.remote.RemoteTestNG.main(RemoteTestNG.java:77)
]]>
    </failure>
  </testcase> <!-- checkReviewBookingBackward -->
  <testcase name="checkalternateMobileBackward" time="0.543" classname="scripts.CartOperTest">
    <failure type="java.lang.AssertionError" message="expected [2345678909] but found []">
      <![CDATA[java.lang.AssertionError: expected [2345678909] but found []
at org.testng.Assert.fail(Assert.java:96)
at org.testng.Assert.failNotEquals(Assert.java:776)
at org.testng.Assert.assertEqualsImpl(Assert.java:137)
at org.testng.Assert.assertEquals(Assert.java:118)
at org.testng.Assert.assertEquals(Assert.java:453)
at org.testng.Assert.assertEquals(Assert.java:463)
at scripts.ConsumerModel.checkalternateMobileBackward(ConsumerModel.java:445)
at sun.reflect.NativeMethodAccessorImpl.invoke0(Native Method)
at sun.reflect.NativeMethodAccessorImpl.invoke(Unknown Source)
at sun.reflect.DelegatingMethodAccessorImpl.invoke(Unknown Source)
at java.lang.reflect.Method.invoke(Unknown Source)
at org.testng.internal.MethodInvocationHelper.invokeMethod(MethodInvocationHelper.java:124)
at org.testng.internal.Invoker.invokeMethod(Invoker.java:580)
at org.testng.internal.Invoker.invokeTestMethod(Invoker.java:716)
at org.testng.internal.Invoker.invokeTestMethods(Invoker.java:988)
at org.testng.internal.TestMethodWorker.invokeTestMethods(TestMethodWorker.java:125)
at org.testng.internal.TestMethodWorker.run(TestMethodWorker.java:109)
at org.testng.TestRunner.privateRun(TestRunner.java:648)
at org.testng.TestRunner.run(TestRunner.java:505)
at org.testng.SuiteRunner.runTest(SuiteRunner.java:455)
at org.testng.SuiteRunner.runSequentially(SuiteRunner.java:450)
at org.testng.SuiteRunner.privateRun(SuiteRunner.java:415)
at org.testng.SuiteRunner.run(SuiteRunner.java:364)
at org.testng.SuiteRunnerWorker.runSuite(SuiteRunnerWorker.java:52)
at org.testng.SuiteRunnerWorker.run(SuiteRunnerWorker.java:84)
at org.testng.TestNG.runSuitesSequentially(TestNG.java:1208)
at org.testng.TestNG.runSuitesLocally(TestNG.java:1137)
at org.testng.TestNG.runSuites(TestNG.java:1049)
at org.testng.TestNG.run(TestNG.java:1017)
at org.testng.remote.AbstractRemoteTestNG.run(AbstractRemoteTestNG.java:114)
at org.testng.remote.RemoteTestNG.initAndRun(RemoteTestNG.java:251)
at org.testng.remote.RemoteTestNG.main(RemoteTestNG.java:77)
]]>
    </failure>
  </testcase> <!-- checkalternateMobileBackward -->
  <testcase name="checkBookFormBackward" time="2.111" classname="scripts.CartOperTest"/>
  <testcase name="checkBookFormBackward" time="2.129" classname="scripts.CartOperTest"/>
  <testcase name="checkBookFormBackward" time="2.105" classname="scripts.CartOperTest"/>
  <testcase name="checkBookFormBackward" time="2.114" classname="scripts.CartOperTest"/>
  <testcase name="checkBookFormBackward" time="2.114" classname="scripts.CartOperTest"/>
  <testcase name="checkBookFormBackward" time="2.123" classname="scripts.CartOperTest">
    <failure type="java.lang.AssertionError" message="expected [true] but found [false]">
      <![CDATA[java.lang.AssertionError: expected [true] but found [false]
at org.testng.Assert.fail(Assert.java:96)
at org.testng.Assert.failNotEquals(Assert.java:776)
at org.testng.Assert.assertTrue(Assert.java:44)
at org.testng.Assert.assertTrue(Assert.java:54)
at scripts.ConsumerModel.asserCft(ConsumerModel.java:636)
at scripts.ConsumerModel.checkTotlcft(ConsumerModel.java:576)
at scripts.ConsumerModel.checkBookFormBackward(ConsumerModel.java:452)
at sun.reflect.NativeMethodAccessorImpl.invoke0(Native Method)
at sun.reflect.NativeMethodAccessorImpl.invoke(Unknown Source)
at sun.reflect.DelegatingMethodAccessorImpl.invoke(Unknown Source)
at java.lang.reflect.Method.invoke(Unknown Source)
at org.testng.internal.MethodInvocationHelper.invokeMethod(MethodInvocationHelper.java:124)
at org.testng.internal.Invoker.invokeMethod(Invoker.java:580)
at org.testng.internal.Invoker.invokeTestMethod(Invoker.java:716)
at org.testng.internal.Invoker.invokeTestMethods(Invoker.java:988)
at org.testng.internal.TestMethodWorker.invokeTestMethods(TestMethodWorker.java:125)
at org.testng.internal.TestMethodWorker.run(TestMethodWorker.java:109)
at org.testng.TestRunner.privateRun(TestRunner.java:648)
at org.testng.TestRunner.run(TestRunner.java:505)
at org.testng.SuiteRunner.runTest(SuiteRunner.java:455)
at org.testng.SuiteRunner.runSequentially(SuiteRunner.java:450)
at org.testng.SuiteRunner.privateRun(SuiteRunner.java:415)
at org.testng.SuiteRunner.run(SuiteRunner.java:364)
at org.testng.SuiteRunnerWorker.runSuite(SuiteRunnerWorker.java:52)
at org.testng.SuiteRunnerWorker.run(SuiteRunnerWorker.java:84)
at org.testng.TestNG.runSuitesSequentially(TestNG.java:1208)
at org.testng.TestNG.runSuitesLocally(TestNG.java:1137)
at org.testng.TestNG.runSuites(TestNG.java:1049)
at org.testng.TestNG.run(TestNG.java:1017)
at org.testng.remote.AbstractRemoteTestNG.run(AbstractRemoteTestNG.java:114)
at org.testng.remote.RemoteTestNG.initAndRun(RemoteTestNG.java:251)
at org.testng.remote.RemoteTestNG.main(RemoteTestNG.java:77)
]]>
    </failure>
  </testcase> <!-- checkBookFormBackward -->
  <testcase name="checkBookFormBackward" time="2.117" classname="scripts.CartOperTest"/>
  <testcase name="checkBookFormBackward" time="2.120" classname="scripts.CartOperTest"/>
  <testcase name="checkBookFormBackward" time="2.097" classname="scripts.CartOperTest"/>
  <testcase name="verifyTotalQTY" time="0.041" classname="scripts.CartOperTest"/>
  <testcase name="verifyPrice" time="0.151" classname="scripts.CartOperTest">
    <failure type="java.lang.AssertionError" message="expected [1.0] but found [0.0]">
      <![CDATA[java.lang.AssertionError: expected [1.0] but found [0.0]
at org.testng.Assert.fail(Assert.java:96)
at org.testng.Assert.failNotEquals(Assert.java:776)
at org.testng.Assert.assertEqualsImpl(Assert.java:137)
at org.testng.Assert.assertEquals(Assert.java:118)
at org.testng.Assert.assertEquals(Assert.java:442)
at scripts.ConsumerModel.verifyPrice(ConsumerModel.java:481)
at sun.reflect.NativeMethodAccessorImpl.invoke0(Native Method)
at sun.reflect.NativeMethodAccessorImpl.invoke(Unknown Source)
at sun.reflect.DelegatingMethodAccessorImpl.invoke(Unknown Source)
at java.lang.reflect.Method.invoke(Unknown Source)
at org.testng.internal.MethodInvocationHelper.invokeMethod(MethodInvocationHelper.java:124)
at org.testng.internal.Invoker.invokeMethod(Invoker.java:580)
at org.testng.internal.Invoker.invokeTestMethod(Invoker.java:716)
at org.testng.internal.Invoker.invokeTestMethods(Invoker.java:988)
at org.testng.internal.TestMethodWorker.invokeTestMethods(TestMethodWorker.java:125)
at org.testng.internal.TestMethodWorker.run(TestMethodWorker.java:109)
at org.testng.TestRunner.privateRun(TestRunner.java:648)
at org.testng.TestRunner.run(TestRunner.java:505)
at org.testng.SuiteRunner.runTest(SuiteRunner.java:455)
at org.testng.SuiteRunner.runSequentially(SuiteRunner.java:450)
at org.testng.SuiteRunner.privateRun(SuiteRunner.java:415)
at org.testng.SuiteRunner.run(SuiteRunner.java:364)
at org.testng.SuiteRunnerWorker.runSuite(SuiteRunnerWorker.java:52)
at org.testng.SuiteRunnerWorker.run(SuiteRunnerWorker.java:84)
at org.testng.TestNG.runSuitesSequentially(TestNG.java:1208)
at org.testng.TestNG.runSuitesLocally(TestNG.java:1137)
at org.testng.TestNG.runSuites(TestNG.java:1049)
at org.testng.TestNG.run(TestNG.java:1017)
at org.testng.remote.AbstractRemoteTestNG.run(AbstractRemoteTestNG.java:114)
at org.testng.remote.RemoteTestNG.initAndRun(RemoteTestNG.java:251)
at org.testng.remote.RemoteTestNG.main(RemoteTestNG.java:77)
]]>
    </failure>
  </testcase> <!-- verifyPrice -->
  <testcase name="forwardtoConfirmPage" time="2.579" classname="scripts.CartOperTest"/>
  <testcase name="navigateToPayment" time="11.127" classname="scripts.CartOperTest"/>
  <testcase name="validatePaymentPrice" time="0.059" classname="scripts.CartOperTest"/>
  <testcase name="cancelPayment" time="16.233" classname="scripts.CartOperTest"/>
  <testcase name="paymentFail" time="0.128" classname="scripts.CartOperTest"/>
  <testcase name="checkBookingid" time="0.058" classname="scripts.CartOperTest"/>
  <testcase name="checkPaymentStatus" time="0.550" classname="scripts.CartOperTest"/>
  <testcase name="checkAddress" time="0.046" classname="scripts.CartOperTest"/>
  <testcase name="navigateToHome" time="6.536" classname="scripts.CartOperTest"/>
  <testcase name="zzRes" time="1.326" classname="scripts.CartOperTest"/>
  <testcase name="zBookingForm" time="22.123" classname="scripts.CartOperTest"/>
  <testcase name="navigateToPaymentPage" time="11.859" classname="scripts.CartOperTest"/>
  <testcase name="navigateToPaymentPage" time="11.861" classname="scripts.CartOperTest"/>
  <testcase name="navigateToPaymentPage" time="11.860" classname="scripts.CartOperTest"/>
  <testcase name="znavigateToPayPage" time="20.673" classname="scripts.CartOperTest"/>
  <testcase name="navigateToPaymentPage" time="11.764" classname="scripts.CartOperTest"/>
  <testcase name="navigateToPaymentPage" time="11.811" classname="scripts.CartOperTest"/>
  <testcase name="navigateToPaymentPage" time="11.804" classname="scripts.CartOperTest"/>
  <testcase name="navigateToPaymentPage" time="11.845" classname="scripts.CartOperTest"/>
  <testcase name="navigateToPaymentPage" time="11.823" classname="scripts.CartOperTest"/>
  <testcase name="navigateToPaymentPage" time="11.791" classname="scripts.CartOperTest"/>
  <testcase name="aCreditCard" time="18.090" classname="scripts.CartOperTest"/>
  <testcase name="navigateToHomePage" time="2.509" classname="scripts.CartOperTest"/>
  <testcase name="dcheckAddCartBtn" time="7.582" classname="scripts.CartOperTest"/>
  <testcase name="selectDistAndStockyard" time="15.232" classname="scripts.CartOperTest"/>
  <testcase name="echeckAddCartBtn" time="9.612" classname="scripts.CartOperTest"/>
  <testcase name="checkAddCartBtn" time="5.598" classname="scripts.CartOperTest"/>
  <testcase name="fillBookingForm" time="1.812" classname="scripts.CartOperTest"/>
  <testcase name="fillBookingForm" time="1.818" classname="scripts.CartOperTest"/>
  <testcase name="fillBookingForm" time="1.801" classname="scripts.CartOperTest"/>
  <testcase name="fillBookingForm" time="1.782" classname="scripts.CartOperTest"/>
  <testcase name="fillBookingForm" time="1.814" classname="scripts.CartOperTest"/>
  <testcase name="fillBookingForm" time="1.751" classname="scripts.CartOperTest"/>
  <testcase name="fillBookingForm" time="1.762" classname="scripts.CartOperTest"/>
  <testcase name="fillBookingForm" time="1.813" classname="scripts.CartOperTest"/>
  <testcase name="fillBookingForm" time="1.849" classname="scripts.CartOperTest"/>
  <testcase name="checkQtyB" time="0.078" classname="scripts.CartOperTest"/>
  <testcase name="checkCalculation" time="0.184" classname="scripts.CartOperTest"/>
  <testcase name="clickonAddToCart" time="3.913" classname="scripts.CartOperTest"/>
  <testcase name="checkStockyardInCart" time="2.060" classname="scripts.CartOperTest"/>
  <testcase name="checkQTYInCart" time="2.079" classname="scripts.CartOperTest"/>
  <testcase name="checkPriceInCart" time="2.069" classname="scripts.CartOperTest"/>
  <testcase name="clickOnBuy" time="0.097" classname="scripts.CartOperTest"/>
  <testcase name="checkDestination" time="5.463" classname="scripts.CartOperTest"/>
  <testcase name="checkDestinationWithOutMobile" time="7.978" classname="scripts.CartOperTest"/>
  <testcase name="checkDestinationWithInvalidmobile" time="9.368" classname="scripts.CartOperTest"/>
  <testcase name="checkDestinationWithvalidmobile" time="6.401" classname="scripts.CartOperTest"/>
  <testcase name="checkStockyardinCP" time="0.044" classname="scripts.CartOperTest"/>
  <testcase name="checkUnitPriceCP" time="0.030" classname="scripts.CartOperTest"/>
  <testcase name="checkTotalQTY" time="0.048" classname="scripts.CartOperTest"/>
  <testcase name="checkTotPriceCP" time="0.051" classname="scripts.CartOperTest"/>
  <testcase name="checkGSTinCP" time="0.055" classname="scripts.CartOperTest"/>
  <testcase name="checkTotalPayableinCP" time="0.056" classname="scripts.CartOperTest"/>
  <testcase name="navigateEazypay" time="10.513" classname="scripts.CartOperTest"/>
  <testcase name="checkprice" time="0.314" classname="scripts.CartOperTest"/>
  <testcase name="validatCan" time="14.332" classname="scripts.CartOperTest"/>
  <testcase name="checkResMsg" time="0.120" classname="scripts.CartOperTest"/>
  <testcase name="checkbookingid" time="0.059" classname="scripts.CartOperTest"/>
  <testcase name="checkstatus" time="0.056" classname="scripts.CartOperTest"/>
  <testcase name="checkaddress" time="0.055" classname="scripts.CartOperTest"/>
  <testcase name="navigateHm" time="5.188" classname="scripts.CartOperTest"/>
  <testcase name="preset" time="20.000" classname="scripts.CartOperTest"/>
  <testcase name="fillBookingForm2" time="11.821" classname="scripts.CartOperTest"/>
  <testcase name="fillBookingForm2" time="11.819" classname="scripts.CartOperTest"/>
  <testcase name="fillBookingForm2" time="11.827" classname="scripts.CartOperTest"/>
  <testcase name="fillBookingForm2" time="11.732" classname="scripts.CartOperTest"/>
  <testcase name="fillBookingForm2" time="11.817" classname="scripts.CartOperTest"/>
  <testcase name="fillBookingForm2" time="11.817" classname="scripts.CartOperTest"/>
  <testcase name="fillBookingForm2" time="11.876" classname="scripts.CartOperTest"/>
  <testcase name="fillBookingForm2" time="11.793" classname="scripts.CartOperTest"/>
  <testcase name="fillBookingForm2" time="12.137" classname="scripts.CartOperTest"/>
  <testcase name="checkAll" time="0.188" classname="scripts.CartOperTest"/>
  <testcase name="testaddcart" time="4.464" classname="scripts.CartOperTest"/>
  <testcase name="testQTY" time="2.095" classname="scripts.CartOperTest"/>
  <testcase name="testPrice" time="2.086" classname="scripts.CartOperTest"/>
  <testcase name="testA" time="0.091" classname="scripts.CartOperTest"/>
  <testcase name="test34" time="5.499" classname="scripts.CartOperTest"/>
  <testcase name="test35" time="8.073" classname="scripts.CartOperTest"/>
  <testcase name="test36" time="9.608" classname="scripts.CartOperTest"/>
  <testcase name="test37" time="6.282" classname="scripts.CartOperTest"/>
  <testcase name="test38" time="0.045" classname="scripts.CartOperTest"/>
  <testcase name="test39" time="0.031" classname="scripts.CartOperTest"/>
  <testcase name="test40" time="0.050" classname="scripts.CartOperTest"/>
  <testcase name="test41" time="0.053" classname="scripts.CartOperTest"/>
  <testcase name="test42" time="0.055" classname="scripts.CartOperTest"/>
  <testcase name="test43" time="0.059" classname="scripts.CartOperTest"/>
  <testcase name="test44" time="10.935" classname="scripts.CartOperTest"/>
  <testcase name="test45" time="0.057" classname="scripts.CartOperTest"/>
  <testcase name="creditCncl" time="10.687" classname="scripts.CartOperTest"/>
  <testcase name="afterCredit" time="1.558" classname="scripts.CartOperTest"/>
  <testcase name="goHome" time="5.143" classname="scripts.CartOperTest"/>
</testsuite> <!-- scripts.CartOperTest -->
