<?xml version="1.0" encoding="UTF-8"?>
<!-- Generated by org.testng.reporters.JUnitReportReporter -->
<testsuite skipped="81" hostname="T4ublrlpusr093" name="scripts.ConsumerModel" tests="82" failures="0" timestamp="04 Dec 2018 11:09:55 GMT" time="0.000" errors="1">
  <testcase name="setup" time="0.000" classname="scripts.ConsumerModel">
    <error type="org.testng.TestNGException" message="
Parameter &#039;browser&#039; is required by BeforeTest on method setup but has not been marked @Optional or defined
in C:\Users\CGN04\AppData\Local\Temp\testng-eclipse-1585954925\testng-customsuite.xml">
      <![CDATA[org.testng.TestNGException: 
Parameter 'browser' is required by BeforeTest on method setup but has not been marked @Optional or defined
in C:\Users\CGN04\AppData\Local\Temp\testng-eclipse-1585954925\testng-customsuite.xml
at org.testng.internal.Parameters.createParams(Parameters.java:290)
at org.testng.internal.Parameters.createParametersForMethod(Parameters.java:359)
at org.testng.internal.Parameters.createParameters(Parameters.java:620)
at org.testng.internal.Parameters.createConfigurationParameters(Parameters.java:190)
at org.testng.internal.Invoker.invokeConfigurations(Invoker.java:209)
at org.testng.internal.Invoker.invokeConfigurations(Invoker.java:142)
at org.testng.TestRunner.beforeRun(TestRunner.java:529)
at org.testng.TestRunner.run(TestRunner.java:497)
at org.testng.SuiteRunner.runTest(SuiteRunner.java:455)
at org.testng.SuiteRunner.runSequentially(SuiteRunner.java:450)
at org.testng.SuiteRunner.privateRun(SuiteRunner.java:415)
at org.testng.SuiteRunner.run(SuiteRunner.java:364)
at org.testng.SuiteRunnerWorker.runSuite(SuiteRunnerWorker.java:52)
at org.testng.SuiteRunnerWorker.run(SuiteRunnerWorker.java:84)
at org.testng.TestNG.runSuitesSequentially(TestNG.java:1208)
at org.testng.TestNG.runSuitesLocally(TestNG.java:1137)
at org.testng.TestNG.runSuites(TestNG.java:1049)
at org.testng.TestNG.run(TestNG.java:1017)
at org.testng.remote.AbstractRemoteTestNG.run(AbstractRemoteTestNG.java:114)
at org.testng.remote.RemoteTestNG.initAndRun(RemoteTestNG.java:251)
at org.testng.remote.RemoteTestNG.main(RemoteTestNG.java:77)
]]>
    </error>
  </testcase> <!-- setup -->
  <testcase name="loginWithoutInput" time="0.000" classname="scripts.ConsumerModel">
    <skipped/>
  </testcase> <!-- loginWithoutInput -->
  <testcase name="loginWithUsername" time="0.000" classname="scripts.ConsumerModel">
    <skipped/>
  </testcase> <!-- loginWithUsername -->
  <testcase name="loginWithPwd" time="0.000" classname="scripts.ConsumerModel">
    <skipped/>
  </testcase> <!-- loginWithPwd -->
  <testcase name="invalidUser" time="0.000" classname="scripts.ConsumerModel">
    <skipped/>
  </testcase> <!-- invalidUser -->
  <testcase name="invalidPwd" time="0.000" classname="scripts.ConsumerModel">
    <skipped/>
  </testcase> <!-- invalidPwd -->
  <testcase name="validCredential" time="0.000" classname="scripts.ConsumerModel">
    <skipped/>
  </testcase> <!-- validCredential -->
  <testcase name="validateWithoutDistrict" time="0.000" classname="scripts.ConsumerModel">
    <skipped/>
  </testcase> <!-- validateWithoutDistrict -->
  <testcase name="validateLocationTypoHead" time="0.000" classname="scripts.ConsumerModel">
    <skipped/>
  </testcase> <!-- validateLocationTypoHead -->
  <testcase name="validateWithoutStoskYard" time="0.000" classname="scripts.ConsumerModel">
    <skipped/>
  </testcase> <!-- validateWithoutStoskYard -->
  <testcase name="validateWithoutQTY" time="0.000" classname="scripts.ConsumerModel">
    <skipped/>
  </testcase> <!-- validateWithoutQTY -->
  <testcase name="validateDistrict" time="0.000" classname="scripts.ConsumerModel">
    <skipped/>
  </testcase> <!-- validateDistrict -->
  <testcase name="validateStockyard" time="0.000" classname="scripts.ConsumerModel">
    <skipped/>
  </testcase> <!-- validateStockyard -->
  <testcase name="validateAvailableStock_and_uniPrice" time="0.000" classname="scripts.ConsumerModel">
    <skipped/>
  </testcase> <!-- validateAvailableStock_and_uniPrice -->
  <testcase name="valdtBookingForm" time="0.000" classname="scripts.ConsumerModel">
    <skipped/>
  </testcase> <!-- valdtBookingForm -->
  <testcase name="valdtBookingForm" time="0.000" classname="scripts.ConsumerModel">
    <skipped/>
  </testcase> <!-- valdtBookingForm -->
  <testcase name="valdtBookingForm" time="0.000" classname="scripts.ConsumerModel">
    <skipped/>
  </testcase> <!-- valdtBookingForm -->
  <testcase name="valdtBookingForm" time="0.000" classname="scripts.ConsumerModel">
    <skipped/>
  </testcase> <!-- valdtBookingForm -->
  <testcase name="valdtBookingForm" time="0.000" classname="scripts.ConsumerModel">
    <skipped/>
  </testcase> <!-- valdtBookingForm -->
  <testcase name="valdtBookingForm" time="0.000" classname="scripts.ConsumerModel">
    <skipped/>
  </testcase> <!-- valdtBookingForm -->
  <testcase name="valdtBookingForm" time="0.000" classname="scripts.ConsumerModel">
    <skipped/>
  </testcase> <!-- valdtBookingForm -->
  <testcase name="valdtBookingForm" time="0.000" classname="scripts.ConsumerModel">
    <skipped/>
  </testcase> <!-- valdtBookingForm -->
  <testcase name="valdtBookingForm" time="0.000" classname="scripts.ConsumerModel">
    <skipped/>
  </testcase> <!-- valdtBookingForm -->
  <testcase name="checktotalQty" time="0.000" classname="scripts.ConsumerModel">
    <skipped/>
  </testcase> <!-- checktotalQty -->
  <testcase name="zReset" time="0.000" classname="scripts.ConsumerModel">
    <skipped/>
  </testcase> <!-- zReset -->
  <testcase name="validatePrice" time="0.000" classname="scripts.ConsumerModel">
    <skipped/>
  </testcase> <!-- validatePrice -->
  <testcase name="vlidtBookFrm" time="0.000" classname="scripts.ConsumerModel">
    <skipped/>
  </testcase> <!-- vlidtBookFrm -->
  <testcase name="vlidtBookFrm" time="0.000" classname="scripts.ConsumerModel">
    <skipped/>
  </testcase> <!-- vlidtBookFrm -->
  <testcase name="vlidtBookFrm" time="0.000" classname="scripts.ConsumerModel">
    <skipped/>
  </testcase> <!-- vlidtBookFrm -->
  <testcase name="vlidtBookFrm" time="0.000" classname="scripts.ConsumerModel">
    <skipped/>
  </testcase> <!-- vlidtBookFrm -->
  <testcase name="vlidtBookFrm" time="0.000" classname="scripts.ConsumerModel">
    <skipped/>
  </testcase> <!-- vlidtBookFrm -->
  <testcase name="vlidtBookFrm" time="0.000" classname="scripts.ConsumerModel">
    <skipped/>
  </testcase> <!-- vlidtBookFrm -->
  <testcase name="vlidtBookFrm" time="0.000" classname="scripts.ConsumerModel">
    <skipped/>
  </testcase> <!-- vlidtBookFrm -->
  <testcase name="vlidtBookFrm" time="0.000" classname="scripts.ConsumerModel">
    <skipped/>
  </testcase> <!-- vlidtBookFrm -->
  <testcase name="vlidtBookFrm" time="0.000" classname="scripts.ConsumerModel">
    <skipped/>
  </testcase> <!-- vlidtBookFrm -->
  <testcase name="navigateToReviewBooking" time="0.000" classname="scripts.ConsumerModel">
    <skipped/>
  </testcase> <!-- navigateToReviewBooking -->
  <testcase name="validateRBWithoutLocation" time="0.000" classname="scripts.ConsumerModel">
    <skipped/>
  </testcase> <!-- validateRBWithoutLocation -->
  <testcase name="validateRBWithoutAltnatMobile" time="0.000" classname="scripts.ConsumerModel">
    <skipped/>
  </testcase> <!-- validateRBWithoutAltnatMobile -->
  <testcase name="validateRBInvalidAltnatMobile" time="0.000" classname="scripts.ConsumerModel">
    <skipped/>
  </testcase> <!-- validateRBInvalidAltnatMobile -->
  <testcase name="validateRBWithValidData" time="0.000" classname="scripts.ConsumerModel">
    <skipped/>
  </testcase> <!-- validateRBWithValidData -->
  <testcase name="validateStockYardinCP" time="0.000" classname="scripts.ConsumerModel">
    <skipped/>
  </testcase> <!-- validateStockYardinCP -->
  <testcase name="validateUnitPriceinCP" time="0.000" classname="scripts.ConsumerModel">
    <skipped/>
  </testcase> <!-- validateUnitPriceinCP -->
  <testcase name="validateTotalQtyinCP" time="0.000" classname="scripts.ConsumerModel">
    <skipped/>
  </testcase> <!-- validateTotalQtyinCP -->
  <testcase name="validateTotalPriceinCP" time="0.000" classname="scripts.ConsumerModel">
    <skipped/>
  </testcase> <!-- validateTotalPriceinCP -->
  <testcase name="validateGstinCP" time="0.000" classname="scripts.ConsumerModel">
    <skipped/>
  </testcase> <!-- validateGstinCP -->
  <testcase name="validateTotalPayableinCP" time="0.000" classname="scripts.ConsumerModel">
    <skipped/>
  </testcase> <!-- validateTotalPayableinCP -->
  <testcase name="checkReviewBookingBackward" time="0.000" classname="scripts.ConsumerModel">
    <skipped/>
  </testcase> <!-- checkReviewBookingBackward -->
  <testcase name="checkalternateMobileBackward" time="0.000" classname="scripts.ConsumerModel">
    <skipped/>
  </testcase> <!-- checkalternateMobileBackward -->
  <testcase name="checkBookFormBackward" time="0.000" classname="scripts.ConsumerModel">
    <skipped/>
  </testcase> <!-- checkBookFormBackward -->
  <testcase name="checkBookFormBackward" time="0.000" classname="scripts.ConsumerModel">
    <skipped/>
  </testcase> <!-- checkBookFormBackward -->
  <testcase name="checkBookFormBackward" time="0.000" classname="scripts.ConsumerModel">
    <skipped/>
  </testcase> <!-- checkBookFormBackward -->
  <testcase name="checkBookFormBackward" time="0.000" classname="scripts.ConsumerModel">
    <skipped/>
  </testcase> <!-- checkBookFormBackward -->
  <testcase name="checkBookFormBackward" time="0.000" classname="scripts.ConsumerModel">
    <skipped/>
  </testcase> <!-- checkBookFormBackward -->
  <testcase name="checkBookFormBackward" time="0.000" classname="scripts.ConsumerModel">
    <skipped/>
  </testcase> <!-- checkBookFormBackward -->
  <testcase name="checkBookFormBackward" time="0.000" classname="scripts.ConsumerModel">
    <skipped/>
  </testcase> <!-- checkBookFormBackward -->
  <testcase name="checkBookFormBackward" time="0.000" classname="scripts.ConsumerModel">
    <skipped/>
  </testcase> <!-- checkBookFormBackward -->
  <testcase name="checkBookFormBackward" time="0.000" classname="scripts.ConsumerModel">
    <skipped/>
  </testcase> <!-- checkBookFormBackward -->
  <testcase name="verifyTotalQTY" time="0.000" classname="scripts.ConsumerModel">
    <skipped/>
  </testcase> <!-- verifyTotalQTY -->
  <testcase name="verifyPrice" time="0.000" classname="scripts.ConsumerModel">
    <skipped/>
  </testcase> <!-- verifyPrice -->
  <testcase name="forwardtoConfirmPage" time="0.000" classname="scripts.ConsumerModel">
    <skipped/>
  </testcase> <!-- forwardtoConfirmPage -->
  <testcase name="checkEditExistingVal" time="0.000" classname="scripts.ConsumerModel">
    <skipped/>
  </testcase> <!-- checkEditExistingVal -->
  <testcase name="checkEditExistingVal" time="0.000" classname="scripts.ConsumerModel">
    <skipped/>
  </testcase> <!-- checkEditExistingVal -->
  <testcase name="checkEditExistingVal" time="0.000" classname="scripts.ConsumerModel">
    <skipped/>
  </testcase> <!-- checkEditExistingVal -->
  <testcase name="checkEditExistingVal" time="0.000" classname="scripts.ConsumerModel">
    <skipped/>
  </testcase> <!-- checkEditExistingVal -->
  <testcase name="checkEditExistingVal" time="0.000" classname="scripts.ConsumerModel">
    <skipped/>
  </testcase> <!-- checkEditExistingVal -->
  <testcase name="checkEditExistingVal" time="0.000" classname="scripts.ConsumerModel">
    <skipped/>
  </testcase> <!-- checkEditExistingVal -->
  <testcase name="checkEditExistingVal" time="0.000" classname="scripts.ConsumerModel">
    <skipped/>
  </testcase> <!-- checkEditExistingVal -->
  <testcase name="checkEditExistingVal" time="0.000" classname="scripts.ConsumerModel">
    <skipped/>
  </testcase> <!-- checkEditExistingVal -->
  <testcase name="checkEditExistingVal" time="0.000" classname="scripts.ConsumerModel">
    <skipped/>
  </testcase> <!-- checkEditExistingVal -->
  <testcase name="checkEditVal" time="0.000" classname="scripts.ConsumerModel">
    <skipped/>
  </testcase> <!-- checkEditVal -->
  <testcase name="checkEditVal" time="0.000" classname="scripts.ConsumerModel">
    <skipped/>
  </testcase> <!-- checkEditVal -->
  <testcase name="checkEditVal" time="0.000" classname="scripts.ConsumerModel">
    <skipped/>
  </testcase> <!-- checkEditVal -->
  <testcase name="checkEditVal" time="0.000" classname="scripts.ConsumerModel">
    <skipped/>
  </testcase> <!-- checkEditVal -->
  <testcase name="checkEditVal" time="0.000" classname="scripts.ConsumerModel">
    <skipped/>
  </testcase> <!-- checkEditVal -->
  <testcase name="checkEditVal" time="0.000" classname="scripts.ConsumerModel">
    <skipped/>
  </testcase> <!-- checkEditVal -->
  <testcase name="checkEditVal" time="0.000" classname="scripts.ConsumerModel">
    <skipped/>
  </testcase> <!-- checkEditVal -->
  <testcase name="checkEditVal" time="0.000" classname="scripts.ConsumerModel">
    <skipped/>
  </testcase> <!-- checkEditVal -->
  <testcase name="checkEditVal" time="0.000" classname="scripts.ConsumerModel">
    <skipped/>
  </testcase> <!-- checkEditVal -->
  <testcase name="verifyTotalQTYedit" time="0.000" classname="scripts.ConsumerModel">
    <skipped/>
  </testcase> <!-- verifyTotalQTYedit -->
  <testcase name="verifyPriceedit" time="0.000" classname="scripts.ConsumerModel">
    <skipped/>
  </testcase> <!-- verifyPriceedit -->
  <testcase name="navigateToConfirmPay" time="0.000" classname="scripts.ConsumerModel">
    <skipped/>
  </testcase> <!-- navigateToConfirmPay -->
  <testcase name="notifyBrowse" classname="scripts.ConsumerModel">
    <skipped/>
  </testcase> <!-- notifyBrowse -->
</testsuite> <!-- scripts.ConsumerModel -->
