<?xml version="1.0" encoding="UTF-8"?>
<!-- Generated by org.testng.reporters.JUnitReportReporter -->
<testsuite skipped="0" hostname="T4ublrlpusr093" name="scripts.RegisterAsIndividual" tests="2" failures="0" timestamp="11 Dec 2018 06:25:48 GMT" time="31.815" errors="0">
  <testcase name="verifyAddress" time="15.031" classname="scripts.RegisterAsIndividual"/>
  <testcase name="aDBSet" time="16.784" classname="scripts.RegisterAsIndividual"/>
</testsuite> <!-- scripts.RegisterAsIndividual -->
