<?xml version="1.0" encoding="UTF-8"?>
<!-- Generated by org.testng.reporters.JUnitReportReporter -->
<testsuite skipped="2" hostname="T4ublrlpusr093" name="scripts.Login" tests="3" failures="0" timestamp="27 Nov 2018 11:31:57 GMT" time="4.509" errors="0">
  <testcase name="validCredential" time="4.509" classname="scripts.Login"/>
  <testcase name="blockedUser" classname="scripts.Login">
    <skipped/>
  </testcase> <!-- blockedUser -->
  <testcase name="blockedUser" classname="scripts.Login">
    <skipped/>
  </testcase> <!-- blockedUser -->
</testsuite> <!-- scripts.Login -->
