<?xml version="1.0" encoding="UTF-8"?>
<!-- Generated by org.testng.reporters.JUnitReportReporter -->
<testsuite skipped="0" hostname="T4ublrlpusr093" name="generic.MainActivity" tests="1" failures="0" timestamp="05 Dec 2018 11:17:15 GMT" time="0.872" errors="0">
  <testcase name="testingDb" time="0.872" classname="generic.MainActivity"/>
</testsuite> <!-- generic.MainActivity -->
